/usr/lib/python3/dist-packages/pkg_resources/__init__.py:116: PkgResourcesDeprecationWarning:  is an invalid version and will not be supported in a future release
  warnings.warn(
/usr/lib/python3/dist-packages/pkg_resources/__init__.py:116: PkgResourcesDeprecationWarning:  is an invalid version and will not be supported in a future release
  warnings.warn(
[1m[32m==> [0m[0mGenerating debs for [36mubuntu:jammy[0m for package(s) ['collada_urdf'][0m[0m
[33mNo historical releaser history, using current maintainer name and email for each versioned changelog entry.[0m
Package 'collada-urdf' has dependencies:[0m
[35mRun Dependencies:[0m[0m
  [22m[4mrosdep key           => jammy key[0m[0m
  [36massimp               [35m=> [36m['libassimp-dev'][0m[0m
  [36mcollada-dom          [35m=> [36m['libcollada-dom2.4-dp-dev'][0m[0m
  [36mcollada_parser       [35m=> [36m['ros-one-collada-parser'][0m[0m
  [36mgeometric_shapes     [35m=> [36m['ros-one-geometric-shapes'][0m[0m
  [36mliburdfdom-dev       [35m=> [36m['liburdfdom-dev'][0m[0m
  [36mresource_retriever   [35m=> [36m['libresource-retriever-dev', 'python3-resource-retriever'][0m[0m
  [36mrosconsole           [35m=> [36m['librosconsole-dev'][0m[0m
  [36murdf                 [35m=> [36m['liburdf-dev'][0m[0m
  [36mliburdfdom-headers-dev [35m=> [36m['liburdfdom-headers-dev'][0m[0m
[35mBuild and Build Tool Dependencies:[0m[0m
  [22m[4mrosdep key           => jammy key[0m[0m
  [36mangles               [35m=> [36m['libangles-dev', 'python3-angles'][0m[0m
  [36massimp-dev           [35m=> [36m['libassimp-dev'][0m[0m
  [36mcmake_modules        [35m=> [36m['ros-cmake-modules'][0m[0m
  [36mcollada-dom          [35m=> [36m['libcollada-dom2.4-dp-dev'][0m[0m
  [36mcollada_parser       [35m=> [36m['ros-one-collada-parser'][0m[0m
  [36meigen                [35m=> [36m['libeigen3-dev'][0m[0m
  [36mgeometric_shapes     [35m=> [36m['ros-one-geometric-shapes'][0m[0m
  [36mliburdfdom-dev       [35m=> [36m['liburdfdom-dev'][0m[0m
  [36mliburdfdom-headers-dev [35m=> [36m['liburdfdom-headers-dev'][0m[0m
  [36mresource_retriever   [35m=> [36m['libresource-retriever-dev', 'python3-resource-retriever'][0m[0m
  [36mrosconsole           [35m=> [36m['librosconsole-dev'][0m[0m
  [36murdf                 [35m=> [36m['liburdf-dev'][0m[0m
  [36mcatkin               [35m=> [36m['catkin', 'libgtest-dev', 'libgmock-dev'][0m[0m
[1m[34m==>[0m Placing templates files in the 'debian' folder.[0m[0m
[1m[34m==>[0m In place processing templates in 'debian' folder.[0m[0m
Expanding 'debian/rules.em' -> 'debian/rules'[0m
Expanding 'debian/compat.em' -> 'debian/compat'[0m
Expanding 'debian/source/options.em' -> 'debian/source/options'[0m
Expanding 'debian/source/format.em' -> 'debian/source/format'[0m
Expanding 'debian/control.em' -> 'debian/control'[0m
Expanding 'debian/changelog.em' -> 'debian/changelog'[0m
Expanding 'debian/copyright.em' -> 'debian/copyright'[0m
[33mThis version of bloom is '0.10.7', but the newest available version is '0.11.2'. Please update.[0m
