/usr/lib/python3/dist-packages/pkg_resources/__init__.py:116: PkgResourcesDeprecationWarning:  is an invalid version and will not be supported in a future release
  warnings.warn(
/usr/lib/python3/dist-packages/pkg_resources/__init__.py:116: PkgResourcesDeprecationWarning:  is an invalid version and will not be supported in a future release
  warnings.warn(
[1m[32m==> [0m[0mGenerating debs for [36mubuntu:jammy[0m for package(s) ['moveit_servo'][0m[0m
[33mNo historical releaser history, using current maintainer name and email for each versioned changelog entry.[0m
Package 'moveit-servo' has dependencies:[0m
[35mRun Dependencies:[0m[0m
  [22m[4mrosdep key           => jammy key[0m[0m
  [36mjoy_teleop           [35m=> [36m['ros-one-joy-teleop'][0m[0m
  [36mspacenav_node        [35m=> [36m['ros-one-spacenav-node'][0m[0m
  [36mcontrol_msgs         [35m=> [36m['ros-one-control-msgs'][0m[0m
  [36mcontrol_toolbox      [35m=> [36m['ros-one-control-toolbox'][0m[0m
  [36mgeometry_msgs        [35m=> [36m['libgeometry-msgs-dev', 'python3-geometry-msgs', 'ros-geometry-msgs'][0m[0m
  [36mmoveit_msgs          [35m=> [36m['ros-one-moveit-msgs'][0m[0m
  [36mmoveit_ros_planning_interface [35m=> [36m['ros-one-moveit-ros-planning-interface'][0m[0m
  [36mrosparam_shortcuts   [35m=> [36m['ros-one-rosparam-shortcuts'][0m[0m
  [36msensor_msgs          [35m=> [36m['libsensor-msgs-dev', 'python3-sensor-msgs', 'ros-sensor-msgs'][0m[0m
  [36mstd_msgs             [35m=> [36m['libstd-msgs-dev', 'python3-std-msgs', 'ros-std-msgs'][0m[0m
  [36mstd_srvs             [35m=> [36m['libstd-srvs-dev', 'python3-std-srvs', 'ros-std-srvs'][0m[0m
  [36mtf2_eigen            [35m=> [36m['libtf2-eigen-dev'][0m[0m
  [36mtrajectory_msgs      [35m=> [36m['libtrajectory-msgs-dev', 'python3-trajectory-msgs', 'ros-trajectory-msgs'][0m[0m
[35mBuild and Build Tool Dependencies:[0m[0m
  [22m[4mrosdep key           => jammy key[0m[0m
  [36mcontrol_msgs         [35m=> [36m['ros-one-control-msgs'][0m[0m
  [36mcontrol_toolbox      [35m=> [36m['ros-one-control-toolbox'][0m[0m
  [36mgeometry_msgs        [35m=> [36m['libgeometry-msgs-dev', 'python3-geometry-msgs', 'ros-geometry-msgs'][0m[0m
  [36mmoveit_msgs          [35m=> [36m['ros-one-moveit-msgs'][0m[0m
  [36mmoveit_ros_planning_interface [35m=> [36m['ros-one-moveit-ros-planning-interface'][0m[0m
  [36mrosparam_shortcuts   [35m=> [36m['ros-one-rosparam-shortcuts'][0m[0m
  [36msensor_msgs          [35m=> [36m['libsensor-msgs-dev', 'python3-sensor-msgs', 'ros-sensor-msgs'][0m[0m
  [36mstd_msgs             [35m=> [36m['libstd-msgs-dev', 'python3-std-msgs', 'ros-std-msgs'][0m[0m
  [36mstd_srvs             [35m=> [36m['libstd-srvs-dev', 'python3-std-srvs', 'ros-std-srvs'][0m[0m
  [36mtf2_eigen            [35m=> [36m['libtf2-eigen-dev'][0m[0m
  [36mtrajectory_msgs      [35m=> [36m['libtrajectory-msgs-dev', 'python3-trajectory-msgs', 'ros-trajectory-msgs'][0m[0m
  [36mcatkin               [35m=> [36m['catkin', 'libgtest-dev', 'libgmock-dev'][0m[0m
  [36mrostest              [35m=> [36m['librostest-dev', 'python3-rostest'][0m[0m
  [36mmoveit_resources_panda_moveit_config [35m=> [36m['ros-one-moveit-resources-panda-moveit-config'][0m[0m
[1m[34m==>[0m Placing templates files in the 'debian' folder.[0m[0m
[1m[34m==>[0m In place processing templates in 'debian' folder.[0m[0m
Expanding 'debian/rules.em' -> 'debian/rules'[0m
Expanding 'debian/compat.em' -> 'debian/compat'[0m
Expanding 'debian/source/options.em' -> 'debian/source/options'[0m
Expanding 'debian/source/format.em' -> 'debian/source/format'[0m
Expanding 'debian/control.em' -> 'debian/control'[0m
Expanding 'debian/changelog.em' -> 'debian/changelog'[0m
Expanding 'debian/copyright.em' -> 'debian/copyright'[0m
[33mThis version of bloom is '0.10.7', but the newest available version is '0.11.2'. Please update.[0m
