/usr/lib/python3/dist-packages/pkg_resources/__init__.py:116: PkgResourcesDeprecationWarning:  is an invalid version and will not be supported in a future release
  warnings.warn(
/usr/lib/python3/dist-packages/pkg_resources/__init__.py:116: PkgResourcesDeprecationWarning:  is an invalid version and will not be supported in a future release
  warnings.warn(
[1m[32m==> [0m[0mGenerating debs for [36mubuntu:jammy[0m for package(s) ['moveit_ros_perception'][0m[0m
[33mNo historical releaser history, using current maintainer name and email for each versioned changelog entry.[0m
Package 'moveit-ros-perception' has dependencies:[0m
[35mRun Dependencies:[0m[0m
  [22m[4mrosdep key           => jammy key[0m[0m
  [36mmoveit_core          [35m=> [36m['ros-one-moveit-core'][0m[0m
  [36mroscpp               [35m=> [36m['libroscpp-dev', 'libroscpp-core-dev'][0m[0m
  [36mrosconsole           [35m=> [36m['librosconsole-dev'][0m[0m
  [36murdf                 [35m=> [36m['liburdf-dev'][0m[0m
  [36mmessage_filters      [35m=> [36m['libmessage-filters-dev', 'python3-message-filters'][0m[0m
  [36mpluginlib            [35m=> [36m['pluginlib-dev'][0m[0m
  [36mimage_transport      [35m=> [36m['image-transport-tools', 'libimage-transport-dev'][0m[0m
  [36mglut                 [35m=> [36m['freeglut3-dev'][0m[0m
  [36mlibglew-dev          [35m=> [36m['libglew-dev'][0m[0m
  [36mlibomp-dev           [35m=> [36m['libomp-dev'][0m[0m
  [36mopengl               [35m=> [36m['libgl1-mesa-dev', 'libglu1-mesa-dev'][0m[0m
  [36mcv_bridge            [35m=> [36m['libcv-bridge-dev', 'python3-cv-bridge'][0m[0m
  [36msensor_msgs          [35m=> [36m['libsensor-msgs-dev', 'python3-sensor-msgs', 'ros-sensor-msgs'][0m[0m
  [36mmoveit_msgs          [35m=> [36m['ros-one-moveit-msgs'][0m[0m
  [36mobject_recognition_msgs [35m=> [36m['ros-one-object-recognition-msgs'][0m[0m
  [36mtf2                  [35m=> [36m['libtf2-dev', 'python3-tf2'][0m[0m
  [36mtf2_eigen            [35m=> [36m['libtf2-eigen-dev'][0m[0m
  [36mtf2_geometry_msgs    [35m=> [36m['libtf2-geometry-msgs-dev', 'python3-tf2-geometry-msgs'][0m[0m
  [36mtf2_ros              [35m=> [36m['libtf2-ros-dev', 'python3-tf2-ros'][0m[0m
  [36mmoveit_ros_occupancy_map_monitor [35m=> [36m['ros-one-moveit-ros-occupancy-map-monitor'][0m[0m
  [36mmoveit_ros_planning  [35m=> [36m['ros-one-moveit-ros-planning'][0m[0m
  [36mnodelet              [35m=> [36m['libnodelet-dev', 'libnodeletlib-dev', 'python3-nodelet'][0m[0m
[35mBuild and Build Tool Dependencies:[0m[0m
  [22m[4mrosdep key           => jammy key[0m[0m
  [36meigen                [35m=> [36m['libeigen3-dev'][0m[0m
  [36mmoveit_core          [35m=> [36m['ros-one-moveit-core'][0m[0m
  [36mroscpp               [35m=> [36m['libroscpp-dev', 'libroscpp-core-dev'][0m[0m
  [36mrosconsole           [35m=> [36m['librosconsole-dev'][0m[0m
  [36murdf                 [35m=> [36m['liburdf-dev'][0m[0m
  [36mmessage_filters      [35m=> [36m['libmessage-filters-dev', 'python3-message-filters'][0m[0m
  [36mpluginlib            [35m=> [36m['pluginlib-dev'][0m[0m
  [36mimage_transport      [35m=> [36m['image-transport-tools', 'libimage-transport-dev'][0m[0m
  [36mglut                 [35m=> [36m['freeglut3-dev'][0m[0m
  [36mlibglew-dev          [35m=> [36m['libglew-dev'][0m[0m
  [36mlibomp-dev           [35m=> [36m['libomp-dev'][0m[0m
  [36mopengl               [35m=> [36m['libgl1-mesa-dev', 'libglu1-mesa-dev'][0m[0m
  [36mcv_bridge            [35m=> [36m['libcv-bridge-dev', 'python3-cv-bridge'][0m[0m
  [36msensor_msgs          [35m=> [36m['libsensor-msgs-dev', 'python3-sensor-msgs', 'ros-sensor-msgs'][0m[0m
  [36mmoveit_msgs          [35m=> [36m['ros-one-moveit-msgs'][0m[0m
  [36mobject_recognition_msgs [35m=> [36m['ros-one-object-recognition-msgs'][0m[0m
  [36mtf2                  [35m=> [36m['libtf2-dev', 'python3-tf2'][0m[0m
  [36mtf2_eigen            [35m=> [36m['libtf2-eigen-dev'][0m[0m
  [36mtf2_geometry_msgs    [35m=> [36m['libtf2-geometry-msgs-dev', 'python3-tf2-geometry-msgs'][0m[0m
  [36mtf2_ros              [35m=> [36m['libtf2-ros-dev', 'python3-tf2-ros'][0m[0m
  [36mmoveit_ros_occupancy_map_monitor [35m=> [36m['ros-one-moveit-ros-occupancy-map-monitor'][0m[0m
  [36mmoveit_ros_planning  [35m=> [36m['ros-one-moveit-ros-planning'][0m[0m
  [36mnodelet              [35m=> [36m['libnodelet-dev', 'libnodeletlib-dev', 'python3-nodelet'][0m[0m
  [36mcatkin               [35m=> [36m['catkin', 'libgtest-dev', 'libgmock-dev'][0m[0m
  [36mrosunit              [35m=> [36m['python3-rosunit'][0m[0m
[1m[34m==>[0m Placing templates files in the 'debian' folder.[0m[0m
[1m[34m==>[0m In place processing templates in 'debian' folder.[0m[0m
Expanding 'debian/rules.em' -> 'debian/rules'[0m
Expanding 'debian/compat.em' -> 'debian/compat'[0m
Expanding 'debian/source/options.em' -> 'debian/source/options'[0m
Expanding 'debian/source/format.em' -> 'debian/source/format'[0m
Expanding 'debian/control.em' -> 'debian/control'[0m
Expanding 'debian/changelog.em' -> 'debian/changelog'[0m
Expanding 'debian/copyright.em' -> 'debian/copyright'[0m
[33mThis version of bloom is '0.10.7', but the newest available version is '0.11.2'. Please update.[0m
