/usr/lib/python3/dist-packages/pkg_resources/__init__.py:116: PkgResourcesDeprecationWarning:  is an invalid version and will not be supported in a future release
  warnings.warn(
/usr/lib/python3/dist-packages/pkg_resources/__init__.py:116: PkgResourcesDeprecationWarning:  is an invalid version and will not be supported in a future release
  warnings.warn(
[1m[32m==> [0m[0mGenerating debs for [36mubuntu:jammy[0m for package(s) ['moveit_ros_planning_interface'][0m[0m
ROS Distro index file associate with commit '70ea88f6d6f2ff33c017143d4dfa0770ff7cb129'[0m
New ROS Distro index url: 'https://raw.githubusercontent.com/ros/rosdistro/70ea88f6d6f2ff33c017143d4dfa0770ff7cb129/index-v4.yaml'[0m
[33mNo historical releaser history, using current maintainer name and email for each versioned changelog entry.[0m
Package 'moveit-ros-planning-interface' has dependencies:[0m
[35mRun Dependencies:[0m[0m
  [22m[4mrosdep key           => jammy key[0m[0m
  [36mmoveit_ros_planning  [35m=> [36m['ros-one-moveit-ros-planning'][0m[0m
  [36mmoveit_ros_warehouse [35m=> [36m['ros-one-moveit-ros-warehouse'][0m[0m
  [36mmoveit_ros_move_group [35m=> [36m['ros-one-moveit-ros-move-group'][0m[0m
  [36mmoveit_ros_manipulation [35m=> [36m['ros-one-moveit-ros-manipulation'][0m[0m
  [36mroscpp               [35m=> [36m['libroscpp-dev', 'libroscpp-core-dev'][0m[0m
  [36mrospy                [35m=> [36m['python3-rospy'][0m[0m
  [36mrosconsole           [35m=> [36m['librosconsole-dev'][0m[0m
  [36mactionlib            [35m=> [36m['libactionlib-dev', 'python3-actionlib'][0m[0m
  [36mgeometry_msgs        [35m=> [36m['libgeometry-msgs-dev', 'python3-geometry-msgs', 'ros-geometry-msgs'][0m[0m
  [36mmoveit_msgs          [35m=> [36m['ros-one-moveit-msgs'][0m[0m
  [36mtf2                  [35m=> [36m['libtf2-dev', 'python3-tf2'][0m[0m
  [36mtf2_eigen            [35m=> [36m['libtf2-eigen-dev'][0m[0m
  [36mtf2_geometry_msgs    [35m=> [36m['libtf2-geometry-msgs-dev', 'python3-tf2-geometry-msgs'][0m[0m
  [36mtf2_ros              [35m=> [36m['libtf2-ros-dev', 'python3-tf2-ros'][0m[0m
  [36mpython3              [35m=> [36m['python3-dev'][0m[0m
  [36meigenpy              [35m=> [36m['ros-one-eigenpy'][0m[0m
[35mBuild and Build Tool Dependencies:[0m[0m
  [22m[4mrosdep key           => jammy key[0m[0m
  [36meigen                [35m=> [36m['libeigen3-dev'][0m[0m
  [36mmoveit_ros_planning  [35m=> [36m['ros-one-moveit-ros-planning'][0m[0m
  [36mmoveit_ros_warehouse [35m=> [36m['ros-one-moveit-ros-warehouse'][0m[0m
  [36mmoveit_ros_move_group [35m=> [36m['ros-one-moveit-ros-move-group'][0m[0m
  [36mmoveit_ros_manipulation [35m=> [36m['ros-one-moveit-ros-manipulation'][0m[0m
  [36mroscpp               [35m=> [36m['libroscpp-dev', 'libroscpp-core-dev'][0m[0m
  [36mrospy                [35m=> [36m['python3-rospy'][0m[0m
  [36mrosconsole           [35m=> [36m['librosconsole-dev'][0m[0m
  [36mactionlib            [35m=> [36m['libactionlib-dev', 'python3-actionlib'][0m[0m
  [36mgeometry_msgs        [35m=> [36m['libgeometry-msgs-dev', 'python3-geometry-msgs', 'ros-geometry-msgs'][0m[0m
  [36mmoveit_msgs          [35m=> [36m['ros-one-moveit-msgs'][0m[0m
  [36mtf2                  [35m=> [36m['libtf2-dev', 'python3-tf2'][0m[0m
  [36mtf2_eigen            [35m=> [36m['libtf2-eigen-dev'][0m[0m
  [36mtf2_geometry_msgs    [35m=> [36m['libtf2-geometry-msgs-dev', 'python3-tf2-geometry-msgs'][0m[0m
  [36mtf2_ros              [35m=> [36m['libtf2-ros-dev', 'python3-tf2-ros'][0m[0m
  [36mpython3              [35m=> [36m['python3-dev'][0m[0m
  [36meigenpy              [35m=> [36m['ros-one-eigenpy'][0m[0m
  [36mcatkin               [35m=> [36m['catkin', 'libgtest-dev', 'libgmock-dev'][0m[0m
  [36mpython3-catkin-pkg   [35m=> [36m['python3-catkin-pkg'][0m[0m
  [36mmoveit_resources_fanuc_moveit_config [35m=> [36m['ros-one-moveit-resources-fanuc-moveit-config'][0m[0m
  [36mmoveit_resources_panda_moveit_config [35m=> [36m['ros-one-moveit-resources-panda-moveit-config'][0m[0m
  [36mrostest              [35m=> [36m['librostest-dev', 'python3-rostest'][0m[0m
[1m[34m==>[0m Placing templates files in the 'debian' folder.[0m[0m
[1m[34m==>[0m In place processing templates in 'debian' folder.[0m[0m
Expanding 'debian/rules.em' -> 'debian/rules'[0m
Expanding 'debian/compat.em' -> 'debian/compat'[0m
Expanding 'debian/source/options.em' -> 'debian/source/options'[0m
Expanding 'debian/source/format.em' -> 'debian/source/format'[0m
Expanding 'debian/control.em' -> 'debian/control'[0m
Expanding 'debian/changelog.em' -> 'debian/changelog'[0m
Expanding 'debian/copyright.em' -> 'debian/copyright'[0m
[33mThis version of bloom is '0.10.7', but the newest available version is '0.11.2'. Please update.[0m
