/usr/lib/python3/dist-packages/pkg_resources/__init__.py:116: PkgResourcesDeprecationWarning:  is an invalid version and will not be supported in a future release
  warnings.warn(
/usr/lib/python3/dist-packages/pkg_resources/__init__.py:116: PkgResourcesDeprecationWarning:  is an invalid version and will not be supported in a future release
  warnings.warn(
[1m[32m==> [0m[0mGenerating debs for [36mubuntu:jammy[0m for package(s) ['moveit_visual_tools'][0m[0m
[33mNo historical releaser history, using current maintainer name and email for each versioned changelog entry.[0m
Package 'moveit-visual-tools' has dependencies:[0m
[35mRun Dependencies:[0m[0m
  [22m[4mrosdep key           => jammy key[0m[0m
  [36mrviz_visual_tools    [35m=> [36m['ros-one-rviz-visual-tools'][0m[0m
  [36mtf2_eigen            [35m=> [36m['libtf2-eigen-dev'][0m[0m
  [36mgeometry_msgs        [35m=> [36m['libgeometry-msgs-dev', 'python3-geometry-msgs', 'ros-geometry-msgs'][0m[0m
  [36mmoveit_ros_planning  [35m=> [36m['ros-one-moveit-ros-planning'][0m[0m
  [36mmoveit_core          [35m=> [36m['ros-one-moveit-core'][0m[0m
  [36mroscpp               [35m=> [36m['libroscpp-dev', 'libroscpp-core-dev'][0m[0m
  [36mtf2_ros              [35m=> [36m['libtf2-ros-dev', 'python3-tf2-ros'][0m[0m
  [36mvisualization_msgs   [35m=> [36m['libvisualization-msgs-dev', 'python3-visualization-msgs', 'ros-visualization-msgs'][0m[0m
  [36mgraph_msgs           [35m=> [36m['ros-one-graph-msgs'][0m[0m
  [36mstd_msgs             [35m=> [36m['libstd-msgs-dev', 'python3-std-msgs', 'ros-std-msgs'][0m[0m
  [36mtrajectory_msgs      [35m=> [36m['libtrajectory-msgs-dev', 'python3-trajectory-msgs', 'ros-trajectory-msgs'][0m[0m
  [36mroslint              [35m=> [36m['ros-one-roslint'][0m[0m
  [36mcmake_modules        [35m=> [36m['ros-cmake-modules'][0m[0m
[35mBuild and Build Tool Dependencies:[0m[0m
  [22m[4mrosdep key           => jammy key[0m[0m
  [36mrviz_visual_tools    [35m=> [36m['ros-one-rviz-visual-tools'][0m[0m
  [36mtf2_eigen            [35m=> [36m['libtf2-eigen-dev'][0m[0m
  [36mgeometry_msgs        [35m=> [36m['libgeometry-msgs-dev', 'python3-geometry-msgs', 'ros-geometry-msgs'][0m[0m
  [36mmoveit_ros_planning  [35m=> [36m['ros-one-moveit-ros-planning'][0m[0m
  [36mmoveit_core          [35m=> [36m['ros-one-moveit-core'][0m[0m
  [36mroscpp               [35m=> [36m['libroscpp-dev', 'libroscpp-core-dev'][0m[0m
  [36mtf2_ros              [35m=> [36m['libtf2-ros-dev', 'python3-tf2-ros'][0m[0m
  [36mvisualization_msgs   [35m=> [36m['libvisualization-msgs-dev', 'python3-visualization-msgs', 'ros-visualization-msgs'][0m[0m
  [36mgraph_msgs           [35m=> [36m['ros-one-graph-msgs'][0m[0m
  [36mstd_msgs             [35m=> [36m['libstd-msgs-dev', 'python3-std-msgs', 'ros-std-msgs'][0m[0m
  [36mtrajectory_msgs      [35m=> [36m['libtrajectory-msgs-dev', 'python3-trajectory-msgs', 'ros-trajectory-msgs'][0m[0m
  [36mroslint              [35m=> [36m['ros-one-roslint'][0m[0m
  [36mcmake_modules        [35m=> [36m['ros-cmake-modules'][0m[0m
  [36mcatkin               [35m=> [36m['catkin', 'libgtest-dev', 'libgmock-dev'][0m[0m
[1m[34m==>[0m Placing templates files in the 'debian' folder.[0m[0m
[1m[34m==>[0m In place processing templates in 'debian' folder.[0m[0m
Expanding 'debian/rules.em' -> 'debian/rules'[0m
Expanding 'debian/compat.em' -> 'debian/compat'[0m
Expanding 'debian/source/options.em' -> 'debian/source/options'[0m
Expanding 'debian/source/format.em' -> 'debian/source/format'[0m
Expanding 'debian/control.em' -> 'debian/control'[0m
Expanding 'debian/changelog.em' -> 'debian/changelog'[0m
Expanding 'debian/copyright.em' -> 'debian/copyright'[0m
[33mThis version of bloom is '0.10.7', but the newest available version is '0.11.2'. Please update.[0m
