/usr/lib/python3/dist-packages/pkg_resources/__init__.py:116: PkgResourcesDeprecationWarning:  is an invalid version and will not be supported in a future release
  warnings.warn(
/usr/lib/python3/dist-packages/pkg_resources/__init__.py:116: PkgResourcesDeprecationWarning:  is an invalid version and will not be supported in a future release
  warnings.warn(
[1m[32m==> [0m[0mGenerating debs for [36mubuntu:jammy[0m for package(s) ['moveit_ros_visualization'][0m[0m
[33mNo historical releaser history, using current maintainer name and email for each versioned changelog entry.[0m
Package 'moveit-ros-visualization' has dependencies:[0m
[35mRun Dependencies:[0m[0m
  [22m[4mrosdep key           => jammy key[0m[0m
  [36mgeometric_shapes     [35m=> [36m['ros-one-geometric-shapes'][0m[0m
  [36minteractive_markers  [35m=> [36m['libinteractive-markers-dev', 'python3-interactive-markers'][0m[0m
  [36mmoveit_ros_robot_interaction [35m=> [36m['ros-one-moveit-ros-robot-interaction'][0m[0m
  [36mmoveit_ros_perception [35m=> [36m['ros-one-moveit-ros-perception'][0m[0m
  [36mmoveit_ros_planning_interface [35m=> [36m['ros-one-moveit-ros-planning-interface'][0m[0m
  [36mmoveit_ros_warehouse [35m=> [36m['ros-one-moveit-ros-warehouse'][0m[0m
  [36mobject_recognition_msgs [35m=> [36m['ros-one-object-recognition-msgs'][0m[0m
  [36mpluginlib            [35m=> [36m['pluginlib-dev'][0m[0m
  [36mrosconsole           [35m=> [36m['librosconsole-dev'][0m[0m
  [36mroscpp               [35m=> [36m['libroscpp-dev', 'libroscpp-core-dev'][0m[0m
  [36mrospy                [35m=> [36m['python3-rospy'][0m[0m
  [36mrviz                 [35m=> [36m['rviz', 'librviz-dev'][0m[0m
  [36mtf2_eigen            [35m=> [36m['libtf2-eigen-dev'][0m[0m
[35mBuild and Build Tool Dependencies:[0m[0m
  [22m[4mrosdep key           => jammy key[0m[0m
  [36mclass_loader         [35m=> [36m['libclass-loader-dev'][0m[0m
  [36meigen                [35m=> [36m['libeigen3-dev'][0m[0m
  [36mlibogre-dev          [35m=> [36m['libogre-1.9-dev'][0m[0m
  [36mlibqt5-opengl-dev    [35m=> [36m['libqt5opengl5-dev'][0m[0m
  [36mqtbase5-dev          [35m=> [36m['qtbase5-dev'][0m[0m
  [36mgeometric_shapes     [35m=> [36m['ros-one-geometric-shapes'][0m[0m
  [36minteractive_markers  [35m=> [36m['libinteractive-markers-dev', 'python3-interactive-markers'][0m[0m
  [36mmoveit_ros_robot_interaction [35m=> [36m['ros-one-moveit-ros-robot-interaction'][0m[0m
  [36mmoveit_ros_perception [35m=> [36m['ros-one-moveit-ros-perception'][0m[0m
  [36mmoveit_ros_planning_interface [35m=> [36m['ros-one-moveit-ros-planning-interface'][0m[0m
  [36mmoveit_ros_warehouse [35m=> [36m['ros-one-moveit-ros-warehouse'][0m[0m
  [36mobject_recognition_msgs [35m=> [36m['ros-one-object-recognition-msgs'][0m[0m
  [36mpluginlib            [35m=> [36m['pluginlib-dev'][0m[0m
  [36mrosconsole           [35m=> [36m['librosconsole-dev'][0m[0m
  [36mroscpp               [35m=> [36m['libroscpp-dev', 'libroscpp-core-dev'][0m[0m
  [36mrospy                [35m=> [36m['python3-rospy'][0m[0m
  [36mrviz                 [35m=> [36m['rviz', 'librviz-dev'][0m[0m
  [36mtf2_eigen            [35m=> [36m['libtf2-eigen-dev'][0m[0m
  [36mcatkin               [35m=> [36m['catkin', 'libgtest-dev', 'libgmock-dev'][0m[0m
  [36mpkg-config           [35m=> [36m['pkg-config'][0m[0m
  [36mrostest              [35m=> [36m['librostest-dev', 'python3-rostest'][0m[0m
[1m[34m==>[0m Placing templates files in the 'debian' folder.[0m[0m
[1m[34m==>[0m In place processing templates in 'debian' folder.[0m[0m
Expanding 'debian/rules.em' -> 'debian/rules'[0m
Expanding 'debian/compat.em' -> 'debian/compat'[0m
Expanding 'debian/source/options.em' -> 'debian/source/options'[0m
Expanding 'debian/source/format.em' -> 'debian/source/format'[0m
Expanding 'debian/control.em' -> 'debian/control'[0m
Expanding 'debian/changelog.em' -> 'debian/changelog'[0m
Expanding 'debian/copyright.em' -> 'debian/copyright'[0m
[33mThis version of bloom is '0.10.7', but the newest available version is '0.11.2'. Please update.[0m
